c:\users\e_fdenis\documents\dev\dev_ue\ueviewervs\ueviewervs\x64\release\vc142.pdb
c:\users\e_fdenis\documents\dev\dev_ue\ueviewervs\ueviewervs\x64\release\umodelsettings.obj
c:\users\e_fdenis\documents\dev\dev_ue\ueviewervs\ueviewervs\x64\release\umodelcommands.obj
c:\users\e_fdenis\documents\dev\dev_ue\ueviewervs\ueviewervs\x64\release\umodelapp.obj
c:\users\e_fdenis\documents\dev\dev_ue\ueviewervs\ueviewervs\x64\release\main.obj
c:\users\e_fdenis\documents\dev\dev_ue\ueviewervs\ueviewervs\x64\release\meshinstance.obj
c:\users\e_fdenis\documents\dev\dev_ue\ueviewervs\ueviewervs\x64\release\exportthirdparty.obj
c:\users\e_fdenis\documents\dev\dev_ue\ueviewervs\ueviewervs\x64\release\exporttexture.obj
c:\users\e_fdenis\documents\dev\dev_ue\ueviewervs\ueviewervs\x64\release\exportsound.obj
c:\users\e_fdenis\documents\dev\dev_ue\ueviewervs\ueviewervs\x64\release\exportpsk.obj
c:\users\e_fdenis\documents\dev\dev_ue\ueviewervs\ueviewervs\x64\release\exportmd5.obj
c:\users\e_fdenis\documents\dev\dev_ue\ueviewervs\ueviewervs\x64\release\exportmaterial.obj
c:\users\e_fdenis\documents\dev\dev_ue\ueviewervs\ueviewervs\x64\release\exportgltf.obj
c:\users\e_fdenis\documents\dev\dev_ue\ueviewervs\ueviewervs\x64\release\exporters.obj
c:\users\e_fdenis\documents\dev\dev_ue\ueviewervs\ueviewervs\x64\release\export3d.obj
c:\users\e_fdenis\documents\dev\dev_ue\ueviewervs\ueviewervs\x64\release\textcontainer.obj
c:\users\e_fdenis\documents\dev\dev_ue\ueviewervs\ueviewervs\x64\release\parallel.obj
c:\users\e_fdenis\documents\dev\dev_ue\ueviewervs\ueviewervs\x64\release\memory.obj
c:\users\e_fdenis\documents\dev\dev_ue\ueviewervs\ueviewervs\x64\release\math3d.obj
c:\users\e_fdenis\documents\dev\dev_ue\ueviewervs\ueviewervs\x64\release\glwindow.obj
c:\users\e_fdenis\documents\dev\dev_ue\ueviewervs\ueviewervs\x64\release\gltext.obj
c:\users\e_fdenis\documents\dev\dev_ue\ueviewervs\ueviewervs\x64\release\glbind.obj
c:\users\e_fdenis\documents\dev\dev_ue\ueviewervs\ueviewervs\x64\release\corewin32.obj
c:\users\e_fdenis\documents\dev\dev_ue\ueviewervs\ueviewervs\x64\release\coregl.obj
c:\users\e_fdenis\documents\dev\dev_ue\ueviewervs\ueviewervs\x64\release\core.obj
c:\users\e_fdenis\documents\dev\dev_ue\ueviewervs\ueviewervs\x64\release\startupdialog.obj
c:\users\e_fdenis\documents\dev\dev_ue\ueviewervs\ueviewervs\x64\release\settingsdialog.obj
c:\users\e_fdenis\documents\dev\dev_ue\ueviewervs\ueviewervs\x64\release\progressdialog.obj
c:\users\e_fdenis\documents\dev\dev_ue\ueviewervs\ueviewervs\x64\release\packagescandialog.obj
c:\users\e_fdenis\documents\dev\dev_ue\ueviewervs\ueviewervs\x64\release\packagedialog.obj
c:\users\e_fdenis\documents\dev\dev_ue\ueviewervs\ueviewervs\x64\release\miscstrings.obj
c:\users\e_fdenis\documents\dev\dev_ue\ueviewervs\ueviewervs\x64\release\uimenu.obj
c:\users\e_fdenis\documents\dev\dev_ue\ueviewervs\ueviewervs\x64\release\uilayout.obj
c:\users\e_fdenis\documents\dev\dev_ue\ueviewervs\ueviewervs\x64\release\filecontrols.obj
c:\users\e_fdenis\documents\dev\dev_ue\ueviewervs\ueviewervs\x64\release\basedialog.obj
c:\users\e_fdenis\documents\dev\dev_ue\ueviewervs\ueviewervs\x64\release\vertmeshinstance.obj
c:\users\e_fdenis\documents\dev\dev_ue\ueviewervs\ueviewervs\x64\release\statmeshinstance.obj
c:\users\e_fdenis\documents\dev\dev_ue\ueviewervs\ueviewervs\x64\release\skelmeshinstance.obj
c:\users\e_fdenis\documents\dev\dev_ue\ueviewervs\ueviewervs\x64\release\uncoredecrypt.obj
c:\users\e_fdenis\documents\dev\dev_ue\ueviewervs\ueviewervs\x64\release\uncorecompression.obj
c:\users\e_fdenis\documents\dev\dev_ue\ueviewervs\ueviewervs\x64\release\uncore.obj
c:\users\e_fdenis\documents\dev\dev_ue\ueviewervs\ueviewervs\x64\release\typeinfo.obj
c:\users\e_fdenis\documents\dev\dev_ue\ueviewervs\ueviewervs\x64\release\skeletalmesh.obj
c:\users\e_fdenis\documents\dev\dev_ue\ueviewervs\ueviewervs\x64\release\meshcommon.obj
c:\users\e_fdenis\documents\dev\dev_ue\ueviewervs\ueviewervs\x64\release\unubisoft.obj
c:\users\e_fdenis\documents\dev\dev_ue\ueviewervs\ueviewervs\x64\release\unmeshrune.obj
c:\users\e_fdenis\documents\dev\dev_ue\ueviewervs\ueviewervs\x64\release\unmeshbioshock.obj
c:\users\e_fdenis\documents\dev\dev_ue\ueviewervs\ueviewervs\x64\release\unmeshbatman.obj
c:\users\e_fdenis\documents\dev\dev_ue\ueviewervs\ueviewervs\x64\release\unhavok.obj
c:\users\e_fdenis\documents\dev\dev_ue\ueviewervs\ueviewervs\x64\release\gamedatabase.obj
c:\users\e_fdenis\documents\dev\dev_ue\ueviewervs\ueviewervs\x64\release\unarchivepak.obj
c:\users\e_fdenis\documents\dev\dev_ue\ueviewervs\ueviewervs\x64\release\iostorefilesystem.obj
c:\users\e_fdenis\documents\dev\dev_ue\ueviewervs\ueviewervs\x64\release\gamefilesystemgears4.obj
c:\users\e_fdenis\documents\dev\dev_ue\ueviewervs\ueviewervs\x64\release\gamefilesystem.obj
c:\users\e_fdenis\documents\dev\dev_ue\ueviewervs\ueviewervs\x64\release\filesystemutils.obj
c:\users\e_fdenis\documents\dev\dev_ue\ueviewervs\ueviewervs\x64\release\unpackagereader.obj
c:\users\e_fdenis\documents\dev\dev_ue\ueviewervs\ueviewervs\x64\release\unpackage4.obj
c:\users\e_fdenis\documents\dev\dev_ue\ueviewervs\ueviewervs\x64\release\unpackage3.obj
c:\users\e_fdenis\documents\dev\dev_ue\ueviewervs\ueviewervs\x64\release\unpackage2.obj
c:\users\e_fdenis\documents\dev\dev_ue\ueviewervs\ueviewervs\x64\release\unpackage.obj
c:\users\e_fdenis\documents\dev\dev_ue\ueviewervs\ueviewervs\x64\release\packageutils.obj
c:\users\e_fdenis\documents\dev\dev_ue\ueviewervs\ueviewervs\x64\release\unmesh4.obj
c:\users\e_fdenis\documents\dev\dev_ue\ueviewervs\ueviewervs\x64\release\unmesh3.obj
c:\users\e_fdenis\documents\dev\dev_ue\ueviewervs\ueviewervs\x64\release\unmesh2.obj
c:\users\e_fdenis\documents\dev\dev_ue\ueviewervs\ueviewervs\x64\release\unmesh1.obj
c:\users\e_fdenis\documents\dev\dev_ue\ueviewervs\ueviewervs\x64\release\unanim4.obj
c:\users\e_fdenis\documents\dev\dev_ue\ueviewervs\ueviewervs\x64\release\unanim3.obj
c:\users\e_fdenis\documents\dev\dev_ue\ueviewervs\ueviewervs\x64\release\unanim2.obj
c:\users\e_fdenis\documents\dev\dev_ue\ueviewervs\ueviewervs\x64\release\untexture4.obj
c:\users\e_fdenis\documents\dev\dev_ue\ueviewervs\ueviewervs\x64\release\untexture3.obj
c:\users\e_fdenis\documents\dev\dev_ue\ueviewervs\ueviewervs\x64\release\untexture2.obj
c:\users\e_fdenis\documents\dev\dev_ue\ueviewervs\ueviewervs\x64\release\untexture.obj
c:\users\e_fdenis\documents\dev\dev_ue\ueviewervs\ueviewervs\x64\release\unobject4.obj
c:\users\e_fdenis\documents\dev\dev_ue\ueviewervs\ueviewervs\x64\release\unobject.obj
c:\users\e_fdenis\documents\dev\dev_ue\ueviewervs\ueviewervs\x64\release\uncoreserialize.obj
c:\users\e_fdenis\documents\dev\dev_ue\ueviewervs\ueviewervs\x64\release\vertmeshviewer.obj
c:\users\e_fdenis\documents\dev\dev_ue\ueviewervs\ueviewervs\x64\release\statmeshviewer.obj
c:\users\e_fdenis\documents\dev\dev_ue\ueviewervs\ueviewervs\x64\release\skelmeshviewer.obj
c:\users\e_fdenis\documents\dev\dev_ue\ueviewervs\ueviewervs\x64\release\objectviewer.obj
c:\users\e_fdenis\documents\dev\dev_ue\ueviewervs\ueviewervs\x64\release\meshviewer.obj
c:\users\e_fdenis\documents\dev\dev_ue\ueviewervs\ueviewervs\x64\release\materialviewer.obj
c:\users\e_fdenis\documents\dev\dev_ue\ueviewervs\ueviewervs\x64\release\texturepng.obj
c:\users\e_fdenis\documents\dev\dev_ue\ueviewervs\ueviewervs\x64\release\texturenvtt.obj
c:\users\e_fdenis\documents\dev\dev_ue\ueviewervs\ueviewervs\x64\release\unrenderer.obj
c:\users\e_fdenis\documents\dev\dev_ue\ueviewervs\x64\release\ueviewervs.exe
c:\users\e_fdenis\documents\dev\dev_ue\ueviewervs\x64\release\ueviewervs.pdb
c:\users\e_fdenis\documents\dev\dev_ue\ueviewervs\ueviewervs\x64\release\umodel.res
c:\users\e_fdenis\documents\dev\dev_ue\ueviewervs\x64\release\ueviewervs.ipdb
c:\users\e_fdenis\documents\dev\dev_ue\ueviewervs\x64\release\ueviewervs.iobj
c:\users\e_fdenis\documents\dev\dev_ue\ueviewervs\ueviewervs\x64\release\ueviewervs.tlog\cl.command.1.tlog
c:\users\e_fdenis\documents\dev\dev_ue\ueviewervs\ueviewervs\x64\release\ueviewervs.tlog\cl.read.1.tlog
c:\users\e_fdenis\documents\dev\dev_ue\ueviewervs\ueviewervs\x64\release\ueviewervs.tlog\cl.write.1.tlog
c:\users\e_fdenis\documents\dev\dev_ue\ueviewervs\ueviewervs\x64\release\ueviewervs.tlog\link.command.1.tlog
c:\users\e_fdenis\documents\dev\dev_ue\ueviewervs\ueviewervs\x64\release\ueviewervs.tlog\link.read.1.tlog
c:\users\e_fdenis\documents\dev\dev_ue\ueviewervs\ueviewervs\x64\release\ueviewervs.tlog\link.write.1.tlog
c:\users\e_fdenis\documents\dev\dev_ue\ueviewervs\ueviewervs\x64\release\ueviewervs.tlog\rc.command.1.tlog
c:\users\e_fdenis\documents\dev\dev_ue\ueviewervs\ueviewervs\x64\release\ueviewervs.tlog\rc.read.1.tlog
c:\users\e_fdenis\documents\dev\dev_ue\ueviewervs\ueviewervs\x64\release\ueviewervs.tlog\rc.write.1.tlog
c:\users\e_fdenis\documents\dev\dev_ue\ueviewervs\ueviewervs\x64\release\ueviewervs.tlog\ueviewervs.write.1u.tlog
